0 info it worked if it ends with ok
1 verbose cli [ 'C:\\Program Files\\nodejs\\\\node.exe',
1 verbose cli   'C:\\Program Files\\nodejs\\node_modules\\npm\\bin\\npm-cli.js',
1 verbose cli   'install',
1 verbose cli   'ref' ]
2 info using npm@1.4.23
3 info using node@v0.10.31
4 verbose node symlink C:\Program Files\nodejs\\node.exe
5 verbose cache add [ 'ref', null ]
6 verbose cache add name=undefined spec="ref" args=["ref",null]
7 verbose parsed url { protocol: null,
7 verbose parsed url   slashes: null,
7 verbose parsed url   auth: null,
7 verbose parsed url   host: null,
7 verbose parsed url   port: null,
7 verbose parsed url   hostname: null,
7 verbose parsed url   hash: null,
7 verbose parsed url   search: null,
7 verbose parsed url   query: null,
7 verbose parsed url   pathname: 'ref',
7 verbose parsed url   path: 'ref',
7 verbose parsed url   href: 'ref' }
8 silly lockFile 69449f99-ref ref
9 verbose lock ref C:\Users\MLF\AppData\Roaming\npm-cache\69449f99-ref.lock
10 silly lockFile 69449f99-ref ref
11 silly lockFile 69449f99-ref ref
12 verbose addNamed [ 'ref', '' ]
13 verbose addNamed [ null, '*' ]
14 silly lockFile fb88712b-ref ref@
15 verbose lock ref@ C:\Users\MLF\AppData\Roaming\npm-cache\fb88712b-ref.lock
16 silly addNameRange { name: 'ref', range: '*', hasData: false }
17 verbose request where is /ref
18 verbose request registry https://registry.npmjs.org/
19 verbose request id 9e4b386280e1453d
20 verbose url raw /ref
21 verbose url resolving [ 'https://registry.npmjs.org/', './ref' ]
22 verbose url resolved https://registry.npmjs.org/ref
23 verbose request where is https://registry.npmjs.org/ref
24 info trying registry request attempt 1 at 03:03:39
25 http GET https://registry.npmjs.org/ref
26 http 200 https://registry.npmjs.org/ref
27 silly registry.get cb [ 200,
27 silly registry.get   { date: 'Sun, 18 Jan 2015 01:03:41 GMT',
27 silly registry.get     server: 'CouchDB/1.5.0 (Erlang OTP/R16B03)',
27 silly registry.get     etag: '"BP3U45YQ099G0IX6ELN3FITEI"',
27 silly registry.get     'content-type': 'application/json',
27 silly registry.get     'cache-control': 'max-age=60',
27 silly registry.get     'content-length': '42286',
27 silly registry.get     'accept-ranges': 'bytes',
27 silly registry.get     via: '1.1 varnish',
27 silly registry.get     age: '0',
27 silly registry.get     'x-served-by': 'cache-lcy1121-LCY',
27 silly registry.get     'x-cache': 'MISS',
27 silly registry.get     'x-cache-hits': '0',
27 silly registry.get     'x-timer': 'S1421543020.588573,VS0,VE510',
27 silly registry.get     vary: 'Accept',
27 silly registry.get     'keep-alive': 'timeout=10, max=50',
27 silly registry.get     connection: 'Keep-Alive' } ]
28 silly addNameRange number 2 { name: 'ref', range: '*', hasData: true }
29 silly addNameRange versions [ 'ref',
29 silly addNameRange   [ '0.0.1',
29 silly addNameRange     '0.0.2',
29 silly addNameRange     '0.0.3',
29 silly addNameRange     '0.0.4',
29 silly addNameRange     '0.0.5',
29 silly addNameRange     '0.0.6',
29 silly addNameRange     '0.0.7',
29 silly addNameRange     '0.0.8',
29 silly addNameRange     '0.0.9',
29 silly addNameRange     '0.0.10',
29 silly addNameRange     '0.0.11',
29 silly addNameRange     '0.0.12',
29 silly addNameRange     '0.0.13',
29 silly addNameRange     '0.0.14',
29 silly addNameRange     '0.0.15',
29 silly addNameRange     '0.0.16',
29 silly addNameRange     '0.0.17',
29 silly addNameRange     '0.0.18',
29 silly addNameRange     '0.0.19',
29 silly addNameRange     '0.0.20',
29 silly addNameRange     '0.1.0',
29 silly addNameRange     '0.1.1',
29 silly addNameRange     '0.1.2',
29 silly addNameRange     '0.1.3',
29 silly addNameRange     '0.2.0',
29 silly addNameRange     '0.2.1',
29 silly addNameRange     '0.2.2',
29 silly addNameRange     '0.2.3',
29 silly addNameRange     '0.3.0',
29 silly addNameRange     '0.3.1',
29 silly addNameRange     '0.3.2',
29 silly addNameRange     '0.3.3' ] ]
30 verbose addNamed [ 'ref', '0.3.3' ]
31 verbose addNamed [ '0.3.3', '0.3.3' ]
32 silly lockFile 5e49240d-ref-0-3-3 ref@0.3.3
33 verbose lock ref@0.3.3 C:\Users\MLF\AppData\Roaming\npm-cache\5e49240d-ref-0-3-3.lock
34 silly lockFile d94f7442-stry-npmjs-org-ref-ref-0-3-3-tgz https://registry.npmjs.org/ref/-/ref-0.3.3.tgz
35 verbose lock https://registry.npmjs.org/ref/-/ref-0.3.3.tgz C:\Users\MLF\AppData\Roaming\npm-cache\d94f7442-stry-npmjs-org-ref-ref-0-3-3-tgz.lock
36 verbose addRemoteTarball [ 'https://registry.npmjs.org/ref/-/ref-0.3.3.tgz',
36 verbose addRemoteTarball   '54b9428c63c62092b3479da9a1a5e5d5d49fbe9f' ]
37 info retry fetch attempt 1 at 03:03:40
38 verbose fetch to= C:\Users\MLF\AppData\Local\Temp\npm-1004-XpAFOPQO\registry.npmjs.org\ref\-\ref-0.3.3.tgz
39 http GET https://registry.npmjs.org/ref/-/ref-0.3.3.tgz
40 http 200 https://registry.npmjs.org/ref/-/ref-0.3.3.tgz
41 silly lockFile d94f7442-stry-npmjs-org-ref-ref-0-3-3-tgz https://registry.npmjs.org/ref/-/ref-0.3.3.tgz
42 silly lockFile d94f7442-stry-npmjs-org-ref-ref-0-3-3-tgz https://registry.npmjs.org/ref/-/ref-0.3.3.tgz
43 silly lockFile 5e49240d-ref-0-3-3 ref@0.3.3
44 silly lockFile 5e49240d-ref-0-3-3 ref@0.3.3
45 silly lockFile fb88712b-ref ref@
46 silly lockFile fb88712b-ref ref@
47 silly resolved [ { name: 'ref',
47 silly resolved     description: 'Turn Buffer instances into "pointers"',
47 silly resolved     keywords:
47 silly resolved      [ 'native',
47 silly resolved        'buffer',
47 silly resolved        'extensions',
47 silly resolved        'c++',
47 silly resolved        'pointer',
47 silly resolved        'reference',
47 silly resolved        'dereference',
47 silly resolved        'type',
47 silly resolved        'int',
47 silly resolved        'long',
47 silly resolved        'float',
47 silly resolved        'double',
47 silly resolved        'byte',
47 silly resolved        '64' ],
47 silly resolved     version: '0.3.3',
47 silly resolved     author:
47 silly resolved      { name: 'Nathan Rajlich',
47 silly resolved        email: 'nathan@tootallnate.net',
47 silly resolved        url: 'http://tootallnate.net' },
47 silly resolved     repository: { type: 'git', url: 'git://github.com/TooTallNate/ref.git' },
47 silly resolved     main: './lib/ref.js',
47 silly resolved     scripts:
47 silly resolved      { docs: 'node docs/compile',
47 silly resolved        test: 'mocha -gc --reporter spec',
47 silly resolved        install: 'node-gyp rebuild' },
47 silly resolved     dependencies: { bindings: '~1.2.0', debug: '2', nan: '~1.2.0' },
47 silly resolved     devDependencies:
47 silly resolved      { dox: '0.4.4',
47 silly resolved        'highlight.js': '1',
47 silly resolved        jade: '0.35.0',
47 silly resolved        marked: '0.3.2',
47 silly resolved        mocha: '*',
47 silly resolved        weak: '0.3.2' },
47 silly resolved     gypfile: true,
47 silly resolved     gitHead: '6ca5cf29e15b8b76a0e149fd3eff441f8fcfdfa9',
47 silly resolved     bugs: { url: 'https://github.com/TooTallNate/ref/issues' },
47 silly resolved     homepage: 'https://github.com/TooTallNate/ref',
47 silly resolved     _id: 'ref@0.3.3',
47 silly resolved     _shasum: '54b9428c63c62092b3479da9a1a5e5d5d49fbe9f',
47 silly resolved     _from: 'ref@',
47 silly resolved     _npmVersion: '2.1.2',
47 silly resolved     _nodeVersion: '0.10.32',
47 silly resolved     _npmUser: { name: 'tootallnate', email: 'nathan@tootallnate.net' },
47 silly resolved     maintainers: [ [Object] ],
47 silly resolved     dist:
47 silly resolved      { shasum: '54b9428c63c62092b3479da9a1a5e5d5d49fbe9f',
47 silly resolved        tarball: 'http://registry.npmjs.org/ref/-/ref-0.3.3.tgz' },
47 silly resolved     directories: {},
47 silly resolved     _resolved: 'https://registry.npmjs.org/ref/-/ref-0.3.3.tgz' } ]
48 info install ref@0.3.3 into C:\Users\MLF\Documents\GitHub\CClip\client
49 info installOne ref@0.3.3
50 verbose node_modules\ref unbuild
51 verbose tar unpack C:\Users\MLF\AppData\Roaming\npm-cache\ref\0.3.3\package.tgz
52 silly lockFile dec0a84e-ub-CClip-client-node-modules-ref tar://C:\Users\MLF\Documents\GitHub\CClip\client\node_modules\ref
53 verbose lock tar://C:\Users\MLF\Documents\GitHub\CClip\client\node_modules\ref C:\Users\MLF\AppData\Roaming\npm-cache\dec0a84e-ub-CClip-client-node-modules-ref.lock
54 silly lockFile e19920c2--npm-cache-ref-0-3-3-package-tgz tar://C:\Users\MLF\AppData\Roaming\npm-cache\ref\0.3.3\package.tgz
55 verbose lock tar://C:\Users\MLF\AppData\Roaming\npm-cache\ref\0.3.3\package.tgz C:\Users\MLF\AppData\Roaming\npm-cache\e19920c2--npm-cache-ref-0-3-3-package-tgz.lock
56 silly gunzTarPerm modes [ '777', '666' ]
57 silly gunzTarPerm extractEntry package.json
58 silly gunzTarPerm modified mode [ 'package.json', 420, 438 ]
59 silly gunzTarPerm extractEntry .npmignore
60 silly gunzTarPerm modified mode [ '.npmignore', 420, 438 ]
61 silly gunzTarPerm extractEntry README.md
62 silly gunzTarPerm modified mode [ 'README.md', 420, 438 ]
63 silly gunzTarPerm extractEntry appveyor.yml
64 silly gunzTarPerm modified mode [ 'appveyor.yml', 420, 438 ]
65 silly gunzTarPerm extractEntry binding.gyp
66 silly gunzTarPerm modified mode [ 'binding.gyp', 420, 438 ]
67 silly gunzTarPerm extractEntry .travis.yml
68 silly gunzTarPerm modified mode [ '.travis.yml', 420, 438 ]
69 silly gunzTarPerm extractEntry docs/compile.js
70 silly gunzTarPerm modified mode [ 'docs/compile.js', 420, 438 ]
71 silly gunzTarPerm extractEntry docs/gh-pages.sh
72 silly gunzTarPerm modified mode [ 'docs/gh-pages.sh', 493, 511 ]
73 silly gunzTarPerm extractEntry docs/images/apple-touch-icon-114x114.png
74 silly gunzTarPerm modified mode [ 'docs/images/apple-touch-icon-114x114.png', 420, 438 ]
75 silly gunzTarPerm extractEntry docs/images/apple-touch-icon-72x72.png
76 silly gunzTarPerm modified mode [ 'docs/images/apple-touch-icon-72x72.png', 420, 438 ]
77 silly gunzTarPerm extractEntry docs/images/apple-touch-icon.png
78 silly gunzTarPerm modified mode [ 'docs/images/apple-touch-icon.png', 420, 438 ]
79 silly gunzTarPerm extractEntry docs/images/favicon.ico
80 silly gunzTarPerm modified mode [ 'docs/images/favicon.ico', 420, 438 ]
81 silly gunzTarPerm extractEntry docs/images/ref.pxm
82 silly gunzTarPerm modified mode [ 'docs/images/ref.pxm', 420, 438 ]
83 silly gunzTarPerm extractEntry docs/index.jade
84 silly gunzTarPerm modified mode [ 'docs/index.jade', 420, 438 ]
85 silly gunzTarPerm extractEntry docs/scripts/jquery-1.7.2.min.js
86 silly gunzTarPerm modified mode [ 'docs/scripts/jquery-1.7.2.min.js', 420, 438 ]
87 silly gunzTarPerm extractEntry docs/scripts/main.js
88 silly gunzTarPerm modified mode [ 'docs/scripts/main.js', 420, 438 ]
89 silly gunzTarPerm extractEntry docs/stylesheets/base.css
90 silly gunzTarPerm modified mode [ 'docs/stylesheets/base.css', 420, 438 ]
91 silly gunzTarPerm extractEntry docs/stylesheets/layout.css
92 silly gunzTarPerm modified mode [ 'docs/stylesheets/layout.css', 420, 438 ]
93 silly gunzTarPerm extractEntry docs/stylesheets/skeleton.css
94 silly gunzTarPerm modified mode [ 'docs/stylesheets/skeleton.css', 420, 438 ]
95 silly gunzTarPerm extractEntry lib/ref.js
96 silly gunzTarPerm modified mode [ 'lib/ref.js', 420, 438 ]
97 silly gunzTarPerm extractEntry src/binding.cc
98 silly gunzTarPerm modified mode [ 'src/binding.cc', 420, 438 ]
99 silly gunzTarPerm extractEntry History.md
100 silly gunzTarPerm modified mode [ 'History.md', 420, 438 ]
101 silly gunzTarPerm extractEntry test/address.js
102 silly gunzTarPerm modified mode [ 'test/address.js', 420, 438 ]
103 silly gunzTarPerm extractEntry test/coerce.js
104 silly gunzTarPerm modified mode [ 'test/coerce.js', 420, 438 ]
105 silly gunzTarPerm extractEntry test/int64.js
106 silly gunzTarPerm modified mode [ 'test/int64.js', 420, 438 ]
107 silly gunzTarPerm extractEntry test/isNull.js
108 silly gunzTarPerm modified mode [ 'test/isNull.js', 420, 438 ]
109 silly gunzTarPerm extractEntry test/char.js
110 silly gunzTarPerm modified mode [ 'test/char.js', 420, 438 ]
111 silly gunzTarPerm extractEntry test/pointer.js
112 silly gunzTarPerm modified mode [ 'test/pointer.js', 420, 438 ]
113 silly gunzTarPerm extractEntry test/ref-deref.js
114 silly gunzTarPerm modified mode [ 'test/ref-deref.js', 420, 438 ]
115 silly gunzTarPerm extractEntry test/reinterpret.js
116 silly gunzTarPerm modified mode [ 'test/reinterpret.js', 420, 438 ]
117 silly gunzTarPerm extractEntry test/reinterpretUntilZeros.js
118 silly gunzTarPerm modified mode [ 'test/reinterpretUntilZeros.js', 420, 438 ]
119 silly gunzTarPerm extractEntry test/string.js
120 silly gunzTarPerm modified mode [ 'test/string.js', 420, 438 ]
121 silly gunzTarPerm extractEntry test/bool.js
122 silly gunzTarPerm modified mode [ 'test/bool.js', 420, 438 ]
123 silly gunzTarPerm extractEntry test/types.js
124 silly gunzTarPerm modified mode [ 'test/types.js', 420, 438 ]
125 silly gunzTarPerm extractEntry test/alloc.js
126 silly gunzTarPerm modified mode [ 'test/alloc.js', 420, 438 ]
127 silly gunzTarPerm extractEntry test/object.js
128 silly gunzTarPerm modified mode [ 'test/object.js', 420, 438 ]
129 silly gunzTarPerm extractEntry test/utf16le.bin
130 silly gunzTarPerm modified mode [ 'test/utf16le.bin', 420, 438 ]
131 silly lockFile dec0a84e-ub-CClip-client-node-modules-ref tar://C:\Users\MLF\Documents\GitHub\CClip\client\node_modules\ref
132 silly lockFile dec0a84e-ub-CClip-client-node-modules-ref tar://C:\Users\MLF\Documents\GitHub\CClip\client\node_modules\ref
133 silly lockFile e19920c2--npm-cache-ref-0-3-3-package-tgz tar://C:\Users\MLF\AppData\Roaming\npm-cache\ref\0.3.3\package.tgz
134 silly lockFile e19920c2--npm-cache-ref-0-3-3-package-tgz tar://C:\Users\MLF\AppData\Roaming\npm-cache\ref\0.3.3\package.tgz
135 info preinstall ref@0.3.3
136 verbose readDependencies using package.json deps
137 verbose readDependencies using package.json deps
138 verbose cache add [ 'bindings@~1.2.0', null ]
139 verbose cache add name=undefined spec="bindings@~1.2.0" args=["bindings@~1.2.0",null]
140 verbose parsed url { protocol: null,
140 verbose parsed url   slashes: null,
140 verbose parsed url   auth: null,
140 verbose parsed url   host: null,
140 verbose parsed url   port: null,
140 verbose parsed url   hostname: null,
140 verbose parsed url   hash: null,
140 verbose parsed url   search: null,
140 verbose parsed url   query: null,
140 verbose parsed url   pathname: 'bindings@~1.2.0',
140 verbose parsed url   path: 'bindings@~1.2.0',
140 verbose parsed url   href: 'bindings@~1.2.0' }
141 verbose cache add [ 'debug@2', null ]
142 verbose cache add name=undefined spec="debug@2" args=["debug@2",null]
143 verbose parsed url { protocol: null,
143 verbose parsed url   slashes: null,
143 verbose parsed url   auth: null,
143 verbose parsed url   host: null,
143 verbose parsed url   port: null,
143 verbose parsed url   hostname: null,
143 verbose parsed url   hash: null,
143 verbose parsed url   search: null,
143 verbose parsed url   query: null,
143 verbose parsed url   pathname: 'debug@2',
143 verbose parsed url   path: 'debug@2',
143 verbose parsed url   href: 'debug@2' }
144 verbose cache add [ 'nan@~1.2.0', null ]
145 verbose cache add name=undefined spec="nan@~1.2.0" args=["nan@~1.2.0",null]
146 verbose parsed url { protocol: null,
146 verbose parsed url   slashes: null,
146 verbose parsed url   auth: null,
146 verbose parsed url   host: null,
146 verbose parsed url   port: null,
146 verbose parsed url   hostname: null,
146 verbose parsed url   hash: null,
146 verbose parsed url   search: null,
146 verbose parsed url   query: null,
146 verbose parsed url   pathname: 'nan@~1.2.0',
146 verbose parsed url   path: 'nan@~1.2.0',
146 verbose parsed url   href: 'nan@~1.2.0' }
147 verbose cache add name="bindings" spec="~1.2.0" args=["bindings","~1.2.0"]
148 verbose parsed url { protocol: null,
148 verbose parsed url   slashes: null,
148 verbose parsed url   auth: null,
148 verbose parsed url   host: null,
148 verbose parsed url   port: null,
148 verbose parsed url   hostname: null,
148 verbose parsed url   hash: null,
148 verbose parsed url   search: null,
148 verbose parsed url   query: null,
148 verbose parsed url   pathname: '~1.2.0',
148 verbose parsed url   path: '~1.2.0',
148 verbose parsed url   href: '~1.2.0' }
149 verbose addNamed [ 'bindings', '~1.2.0' ]
150 verbose addNamed [ null, '>=1.2.0-0 <1.3.0-0' ]
151 silly lockFile b6dd1de3-bindings-1-2-0 bindings@~1.2.0
152 verbose lock bindings@~1.2.0 C:\Users\MLF\AppData\Roaming\npm-cache\b6dd1de3-bindings-1-2-0.lock
153 verbose cache add name="debug" spec="2" args=["debug","2"]
154 verbose parsed url { protocol: null,
154 verbose parsed url   slashes: null,
154 verbose parsed url   auth: null,
154 verbose parsed url   host: null,
154 verbose parsed url   port: null,
154 verbose parsed url   hostname: null,
154 verbose parsed url   hash: null,
154 verbose parsed url   search: null,
154 verbose parsed url   query: null,
154 verbose parsed url   pathname: '2',
154 verbose parsed url   path: '2',
154 verbose parsed url   href: '2' }
155 verbose addNamed [ 'debug', '2' ]
156 verbose addNamed [ null, '>=2.0.0-0 <3.0.0-0' ]
157 silly lockFile 3cb08fdf-debug-2 debug@2
158 verbose lock debug@2 C:\Users\MLF\AppData\Roaming\npm-cache\3cb08fdf-debug-2.lock
159 verbose cache add name="nan" spec="~1.2.0" args=["nan","~1.2.0"]
160 verbose parsed url { protocol: null,
160 verbose parsed url   slashes: null,
160 verbose parsed url   auth: null,
160 verbose parsed url   host: null,
160 verbose parsed url   port: null,
160 verbose parsed url   hostname: null,
160 verbose parsed url   hash: null,
160 verbose parsed url   search: null,
160 verbose parsed url   query: null,
160 verbose parsed url   pathname: '~1.2.0',
160 verbose parsed url   path: '~1.2.0',
160 verbose parsed url   href: '~1.2.0' }
161 verbose addNamed [ 'nan', '~1.2.0' ]
162 verbose addNamed [ null, '>=1.2.0-0 <1.3.0-0' ]
163 silly lockFile 6bb36ab7-nan-1-2-0 nan@~1.2.0
164 verbose lock nan@~1.2.0 C:\Users\MLF\AppData\Roaming\npm-cache\6bb36ab7-nan-1-2-0.lock
165 silly addNameRange { name: 'bindings', range: '>=1.2.0-0 <1.3.0-0', hasData: false }
166 silly addNameRange { name: 'debug', range: '>=2.0.0-0 <3.0.0-0', hasData: false }
167 verbose request where is /bindings
168 verbose request registry https://registry.npmjs.org/
169 verbose url raw /bindings
170 verbose url resolving [ 'https://registry.npmjs.org/', './bindings' ]
171 verbose url resolved https://registry.npmjs.org/bindings
172 verbose request where is https://registry.npmjs.org/bindings
173 info trying registry request attempt 1 at 03:03:42
174 http GET https://registry.npmjs.org/bindings
175 verbose request where is /debug
176 verbose request registry https://registry.npmjs.org/
177 verbose url raw /debug
178 verbose url resolving [ 'https://registry.npmjs.org/', './debug' ]
179 verbose url resolved https://registry.npmjs.org/debug
180 verbose request where is https://registry.npmjs.org/debug
181 info trying registry request attempt 1 at 03:03:42
182 http GET https://registry.npmjs.org/debug
183 silly addNameRange { name: 'nan', range: '>=1.2.0-0 <1.3.0-0', hasData: false }
184 verbose request where is /nan
185 verbose request registry https://registry.npmjs.org/
186 verbose url raw /nan
187 verbose url resolving [ 'https://registry.npmjs.org/', './nan' ]
188 verbose url resolved https://registry.npmjs.org/nan
189 verbose request where is https://registry.npmjs.org/nan
190 info trying registry request attempt 1 at 03:03:42
191 http GET https://registry.npmjs.org/nan
192 http 200 https://registry.npmjs.org/bindings
193 silly registry.get cb [ 200,
193 silly registry.get   { date: 'Sun, 18 Jan 2015 01:03:43 GMT',
193 silly registry.get     server: 'CouchDB/1.5.0 (Erlang OTP/R16B03)',
193 silly registry.get     etag: '"9RWC0WADVPRWNGQKC6FRQXWIO"',
193 silly registry.get     'content-type': 'application/json',
193 silly registry.get     'cache-control': 'max-age=60',
193 silly registry.get     'content-length': '18313',
193 silly registry.get     'accept-ranges': 'bytes',
193 silly registry.get     via: '1.1 varnish',
193 silly registry.get     age: '14',
193 silly registry.get     'x-served-by': 'cache-lcy1130-LCY',
193 silly registry.get     'x-cache': 'HIT',
193 silly registry.get     'x-cache-hits': '1',
193 silly registry.get     'x-timer': 'S1421543023.348650,VS0,VE0',
193 silly registry.get     vary: 'Accept',
193 silly registry.get     'keep-alive': 'timeout=10, max=50',
193 silly registry.get     connection: 'Keep-Alive' } ]
194 silly addNameRange number 2 { name: 'bindings', range: '>=1.2.0-0 <1.3.0-0', hasData: true }
195 silly addNameRange versions [ 'bindings',
195 silly addNameRange   [ '0.0.1',
195 silly addNameRange     '0.1.0',
195 silly addNameRange     '0.1.1',
195 silly addNameRange     '0.2.0',
195 silly addNameRange     '0.2.1',
195 silly addNameRange     '0.2.2',
195 silly addNameRange     '0.2.3',
195 silly addNameRange     '0.2.4',
195 silly addNameRange     '0.3.0',
195 silly addNameRange     '0.4.0',
195 silly addNameRange     '1.0.0',
195 silly addNameRange     '1.1.0',
195 silly addNameRange     '1.1.1',
195 silly addNameRange     '1.2.0',
195 silly addNameRange     '1.2.1' ] ]
196 verbose addNamed [ 'bindings', '1.2.1' ]
197 verbose addNamed [ '1.2.1', '1.2.1' ]
198 silly lockFile e9060511-bindings-1-2-1 bindings@1.2.1
199 verbose lock bindings@1.2.1 C:\Users\MLF\AppData\Roaming\npm-cache\e9060511-bindings-1-2-1.lock
200 silly lockFile 0932abb1--org-bindings-bindings-1-2-1-tgz https://registry.npmjs.org/bindings/-/bindings-1.2.1.tgz
201 verbose lock https://registry.npmjs.org/bindings/-/bindings-1.2.1.tgz C:\Users\MLF\AppData\Roaming\npm-cache\0932abb1--org-bindings-bindings-1-2-1-tgz.lock
202 verbose addRemoteTarball [ 'https://registry.npmjs.org/bindings/-/bindings-1.2.1.tgz',
202 verbose addRemoteTarball   '14ad6113812d2d37d72e67b4cacb4bb726505f11' ]
203 info retry fetch attempt 1 at 03:03:42
204 verbose fetch to= C:\Users\MLF\AppData\Local\Temp\npm-1004-XpAFOPQO\registry.npmjs.org\bindings\-\bindings-1.2.1.tgz
205 http GET https://registry.npmjs.org/bindings/-/bindings-1.2.1.tgz
206 http 200 https://registry.npmjs.org/debug
207 silly registry.get cb [ 200,
207 silly registry.get   { date: 'Sun, 18 Jan 2015 01:03:43 GMT',
207 silly registry.get     server: 'CouchDB/1.5.0 (Erlang OTP/R16B03)',
207 silly registry.get     etag: '"1MJZ2BQIRDRA2YNZUMGE34L1O"',
207 silly registry.get     'content-type': 'application/json',
207 silly registry.get     'cache-control': 'max-age=60',
207 silly registry.get     'content-length': '29970',
207 silly registry.get     'accept-ranges': 'bytes',
207 silly registry.get     via: '1.1 varnish',
207 silly registry.get     age: '15',
207 silly registry.get     'x-served-by': 'cache-lcy1125-LCY',
207 silly registry.get     'x-cache': 'HIT',
207 silly registry.get     'x-cache-hits': '1',
207 silly registry.get     'x-timer': 'S1421543023.352864,VS0,VE0',
207 silly registry.get     vary: 'Accept',
207 silly registry.get     'keep-alive': 'timeout=10, max=50',
207 silly registry.get     connection: 'Keep-Alive' } ]
208 silly addNameRange number 2 { name: 'debug', range: '>=2.0.0-0 <3.0.0-0', hasData: true }
209 silly addNameRange versions [ 'debug',
209 silly addNameRange   [ '0.0.1',
209 silly addNameRange     '0.1.0',
209 silly addNameRange     '0.2.0',
209 silly addNameRange     '0.3.0',
209 silly addNameRange     '0.4.0',
209 silly addNameRange     '0.4.1',
209 silly addNameRange     '0.5.0',
209 silly addNameRange     '0.6.0',
209 silly addNameRange     '0.7.0',
209 silly addNameRange     '0.7.1',
209 silly addNameRange     '0.7.2',
209 silly addNameRange     '0.7.3',
209 silly addNameRange     '0.7.4',
209 silly addNameRange     '0.8.0',
209 silly addNameRange     '0.8.1',
209 silly addNameRange     '1.0.0',
209 silly addNameRange     '1.0.1',
209 silly addNameRange     '1.0.2',
209 silly addNameRange     '1.0.3',
209 silly addNameRange     '1.0.4',
209 silly addNameRange     '2.0.0',
209 silly addNameRange     '2.1.0',
209 silly addNameRange     '2.1.1' ] ]
210 verbose addNamed [ 'debug', '2.1.1' ]
211 verbose addNamed [ '2.1.1', '2.1.1' ]
212 silly lockFile 656b33b7-debug-2-1-1 debug@2.1.1
213 verbose lock debug@2.1.1 C:\Users\MLF\AppData\Roaming\npm-cache\656b33b7-debug-2-1-1.lock
214 silly lockFile 84d6dac9--npmjs-org-debug-debug-2-1-1-tgz https://registry.npmjs.org/debug/-/debug-2.1.1.tgz
215 verbose lock https://registry.npmjs.org/debug/-/debug-2.1.1.tgz C:\Users\MLF\AppData\Roaming\npm-cache\84d6dac9--npmjs-org-debug-debug-2-1-1-tgz.lock
216 verbose addRemoteTarball [ 'https://registry.npmjs.org/debug/-/debug-2.1.1.tgz',
216 verbose addRemoteTarball   'e0c548cc607adc22b537540dc3639c4236fdf90c' ]
217 info retry fetch attempt 1 at 03:03:42
218 verbose fetch to= C:\Users\MLF\AppData\Local\Temp\npm-1004-XpAFOPQO\registry.npmjs.org\debug\-\debug-2.1.1.tgz
219 http GET https://registry.npmjs.org/debug/-/debug-2.1.1.tgz
220 http 200 https://registry.npmjs.org/nan
221 silly registry.get cb [ 200,
221 silly registry.get   { date: 'Sun, 18 Jan 2015 01:03:43 GMT',
221 silly registry.get     server: 'CouchDB/1.5.0 (Erlang OTP/R16B03)',
221 silly registry.get     etag: '"CEMZ6OEW2VZUAG4UWGWLIIR3C"',
221 silly registry.get     'content-type': 'application/json',
221 silly registry.get     'cache-control': 'max-age=60',
221 silly registry.get     'content-length': '87985',
221 silly registry.get     'accept-ranges': 'bytes',
221 silly registry.get     via: '1.1 varnish',
221 silly registry.get     age: '14',
221 silly registry.get     'x-served-by': 'cache-lcy1128-LCY',
221 silly registry.get     'x-cache': 'HIT',
221 silly registry.get     'x-cache-hits': '3',
221 silly registry.get     'x-timer': 'S1421543023.350325,VS0,VE0',
221 silly registry.get     vary: 'Accept',
221 silly registry.get     'keep-alive': 'timeout=10, max=50',
221 silly registry.get     connection: 'Keep-Alive' } ]
222 silly addNameRange number 2 { name: 'nan', range: '>=1.2.0-0 <1.3.0-0', hasData: true }
223 silly addNameRange versions [ 'nan',
223 silly addNameRange   [ '0.3.0-wip',
223 silly addNameRange     '0.3.0-wip2',
223 silly addNameRange     '0.3.0',
223 silly addNameRange     '0.3.1',
223 silly addNameRange     '0.3.2',
223 silly addNameRange     '0.4.0',
223 silly addNameRange     '0.4.1',
223 silly addNameRange     '0.4.2',
223 silly addNameRange     '0.4.3',
223 silly addNameRange     '0.4.4',
223 silly addNameRange     '0.5.0',
223 silly addNameRange     '0.5.1',
223 silly addNameRange     '0.5.2',
223 silly addNameRange     '0.6.0',
223 silly addNameRange     '0.7.0',
223 silly addNameRange     '0.7.1',
223 silly addNameRange     '0.8.0',
223 silly addNameRange     '1.0.0',
223 silly addNameRange     '1.1.0',
223 silly addNameRange     '1.1.1',
223 silly addNameRange     '1.1.2',
223 silly addNameRange     '1.2.0',
223 silly addNameRange     '1.3.0',
223 silly addNameRange     '1.4.0',
223 silly addNameRange     '1.4.1',
223 silly addNameRange     '1.5.0',
223 silly addNameRange     '1.4.2',
223 silly addNameRange     '1.4.3',
223 silly addNameRange     '1.5.1' ] ]
224 verbose addNamed [ 'nan', '1.2.0' ]
225 verbose addNamed [ '1.2.0', '1.2.0' ]
226 silly lockFile 859d0f28-nan-1-2-0 nan@1.2.0
227 verbose lock nan@1.2.0 C:\Users\MLF\AppData\Roaming\npm-cache\859d0f28-nan-1-2-0.lock
228 silly lockFile 343fa712-stry-npmjs-org-nan-nan-1-2-0-tgz https://registry.npmjs.org/nan/-/nan-1.2.0.tgz
229 verbose lock https://registry.npmjs.org/nan/-/nan-1.2.0.tgz C:\Users\MLF\AppData\Roaming\npm-cache\343fa712-stry-npmjs-org-nan-nan-1-2-0-tgz.lock
230 verbose addRemoteTarball [ 'https://registry.npmjs.org/nan/-/nan-1.2.0.tgz',
230 verbose addRemoteTarball   '9c4d63ce9e4f8e95de2d574e18f7925554a8a8ef' ]
231 info retry fetch attempt 1 at 03:03:43
232 verbose fetch to= C:\Users\MLF\AppData\Local\Temp\npm-1004-XpAFOPQO\registry.npmjs.org\nan\-\nan-1.2.0.tgz
233 http GET https://registry.npmjs.org/nan/-/nan-1.2.0.tgz
234 http 200 https://registry.npmjs.org/bindings/-/bindings-1.2.1.tgz
235 silly lockFile 0932abb1--org-bindings-bindings-1-2-1-tgz https://registry.npmjs.org/bindings/-/bindings-1.2.1.tgz
236 silly lockFile 0932abb1--org-bindings-bindings-1-2-1-tgz https://registry.npmjs.org/bindings/-/bindings-1.2.1.tgz
237 silly lockFile e9060511-bindings-1-2-1 bindings@1.2.1
238 silly lockFile e9060511-bindings-1-2-1 bindings@1.2.1
239 silly lockFile b6dd1de3-bindings-1-2-0 bindings@~1.2.0
240 silly lockFile b6dd1de3-bindings-1-2-0 bindings@~1.2.0
241 http 200 https://registry.npmjs.org/debug/-/debug-2.1.1.tgz
242 silly lockFile 84d6dac9--npmjs-org-debug-debug-2-1-1-tgz https://registry.npmjs.org/debug/-/debug-2.1.1.tgz
243 silly lockFile 84d6dac9--npmjs-org-debug-debug-2-1-1-tgz https://registry.npmjs.org/debug/-/debug-2.1.1.tgz
244 silly lockFile 656b33b7-debug-2-1-1 debug@2.1.1
245 silly lockFile 656b33b7-debug-2-1-1 debug@2.1.1
246 silly lockFile 3cb08fdf-debug-2 debug@2
247 silly lockFile 3cb08fdf-debug-2 debug@2
248 http 200 https://registry.npmjs.org/nan/-/nan-1.2.0.tgz
249 silly lockFile 343fa712-stry-npmjs-org-nan-nan-1-2-0-tgz https://registry.npmjs.org/nan/-/nan-1.2.0.tgz
250 silly lockFile 343fa712-stry-npmjs-org-nan-nan-1-2-0-tgz https://registry.npmjs.org/nan/-/nan-1.2.0.tgz
251 silly lockFile 859d0f28-nan-1-2-0 nan@1.2.0
252 silly lockFile 859d0f28-nan-1-2-0 nan@1.2.0
253 silly lockFile 6bb36ab7-nan-1-2-0 nan@~1.2.0
254 silly lockFile 6bb36ab7-nan-1-2-0 nan@~1.2.0
255 silly resolved [ { name: 'bindings',
255 silly resolved     description: 'Helper module for loading your native module\'s .node file',
255 silly resolved     keywords: [ 'native', 'addon', 'bindings', 'gyp', 'waf', 'c', 'c++' ],
255 silly resolved     version: '1.2.1',
255 silly resolved     author:
255 silly resolved      { name: 'Nathan Rajlich',
255 silly resolved        email: 'nathan@tootallnate.net',
255 silly resolved        url: 'http://tootallnate.net' },
255 silly resolved     repository:
255 silly resolved      { type: 'git',
255 silly resolved        url: 'git://github.com/TooTallNate/node-bindings.git' },
255 silly resolved     main: './bindings.js',
255 silly resolved     bugs: { url: 'https://github.com/TooTallNate/node-bindings/issues' },
255 silly resolved     homepage: 'https://github.com/TooTallNate/node-bindings',
255 silly resolved     license: 'MIT',
255 silly resolved     gitHead: 'e404152ee27f8478ccbc7122ee051246e8e5ec02',
255 silly resolved     _id: 'bindings@1.2.1',
255 silly resolved     scripts: {},
255 silly resolved     _shasum: '14ad6113812d2d37d72e67b4cacb4bb726505f11',
255 silly resolved     _from: 'bindings@~1.2.0',
255 silly resolved     _npmVersion: '1.4.14',
255 silly resolved     _npmUser: { name: 'tootallnate', email: 'nathan@tootallnate.net' },
255 silly resolved     maintainers: [ [Object], [Object] ],
255 silly resolved     dist:
255 silly resolved      { shasum: '14ad6113812d2d37d72e67b4cacb4bb726505f11',
255 silly resolved        tarball: 'http://registry.npmjs.org/bindings/-/bindings-1.2.1.tgz' },
255 silly resolved     directories: {},
255 silly resolved     _resolved: 'https://registry.npmjs.org/bindings/-/bindings-1.2.1.tgz' },
255 silly resolved   { name: 'debug',
255 silly resolved     version: '2.1.1',
255 silly resolved     repository: { type: 'git', url: 'git://github.com/visionmedia/debug.git' },
255 silly resolved     description: 'small debugging utility',
255 silly resolved     keywords: [ 'debug', 'log', 'debugger' ],
255 silly resolved     author: { name: 'TJ Holowaychuk', email: 'tj@vision-media.ca' },
255 silly resolved     contributors: [ [Object] ],
255 silly resolved     license: 'MIT',
255 silly resolved     dependencies: { ms: '0.6.2' },
255 silly resolved     devDependencies: { browserify: '6.1.0', mocha: '*' },
255 silly resolved     main: './node.js',
255 silly resolved     browser: './browser.js',
255 silly resolved     component: { scripts: [Object] },
255 silly resolved     gitHead: '24cc5c04fc8886fa9afcadea4db439f9a6186ca4',
255 silly resolved     bugs: { url: 'https://github.com/visionmedia/debug/issues' },
255 silly resolved     homepage: 'https://github.com/visionmedia/debug',
255 silly resolved     _id: 'debug@2.1.1',
255 silly resolved     scripts: {},
255 silly resolved     _shasum: 'e0c548cc607adc22b537540dc3639c4236fdf90c',
255 silly resolved     _from: 'debug@2',
255 silly resolved     _npmVersion: '1.4.28',
255 silly resolved     _npmUser: { name: 'tootallnate', email: 'nathan@tootallnate.net' },
255 silly resolved     maintainers: [ [Object], [Object] ],
255 silly resolved     dist:
255 silly resolved      { shasum: 'e0c548cc607adc22b537540dc3639c4236fdf90c',
255 silly resolved        tarball: 'http://registry.npmjs.org/debug/-/debug-2.1.1.tgz' },
255 silly resolved     directories: {},
255 silly resolved     _resolved: 'https://registry.npmjs.org/debug/-/debug-2.1.1.tgz' },
255 silly resolved   { name: 'nan',
255 silly resolved     version: '1.2.0',
255 silly resolved     description: 'Native Abstractions for Node.js: C++ header for Node 0.8->0.12 compatibility',
255 silly resolved     main: 'include_dirs.js',
255 silly resolved     repository: { type: 'git', url: 'git://github.com/rvagg/nan.git' },
255 silly resolved     contributors: [ [Object], [Object], [Object], [Object], [Object], [Object] ],
255 silly resolved     license: 'MIT',
255 silly resolved     bugs: { url: 'https://github.com/rvagg/nan/issues' },
255 silly resolved     homepage: 'https://github.com/rvagg/nan',
255 silly resolved     _id: 'nan@1.2.0',
255 silly resolved     dist:
255 silly resolved      { shasum: '9c4d63ce9e4f8e95de2d574e18f7925554a8a8ef',
255 silly resolved        tarball: 'http://registry.npmjs.org/nan/-/nan-1.2.0.tgz' },
255 silly resolved     _from: 'nan@~1.2.0',
255 silly resolved     _npmVersion: '1.4.3',
255 silly resolved     _npmUser: { name: 'rvagg', email: 'rod@vagg.org' },
255 silly resolved     maintainers: [ [Object] ],
255 silly resolved     directories: {},
255 silly resolved     _shasum: '9c4d63ce9e4f8e95de2d574e18f7925554a8a8ef',
255 silly resolved     _resolved: 'https://registry.npmjs.org/nan/-/nan-1.2.0.tgz' } ]
256 info install bindings@1.2.1 into C:\Users\MLF\Documents\GitHub\CClip\client\node_modules\ref
257 info install debug@2.1.1 into C:\Users\MLF\Documents\GitHub\CClip\client\node_modules\ref
258 info install nan@1.2.0 into C:\Users\MLF\Documents\GitHub\CClip\client\node_modules\ref
259 info installOne bindings@1.2.1
260 info installOne debug@2.1.1
261 info installOne nan@1.2.0
262 verbose node_modules\ref\node_modules\debug unbuild
263 verbose node_modules\ref\node_modules\bindings unbuild
264 verbose node_modules\ref\node_modules\nan unbuild
265 verbose tar unpack C:\Users\MLF\AppData\Roaming\npm-cache\debug\2.1.1\package.tgz
266 silly lockFile e461e2e4-e-modules-ref-node-modules-debug tar://C:\Users\MLF\Documents\GitHub\CClip\client\node_modules\ref\node_modules\debug
267 verbose lock tar://C:\Users\MLF\Documents\GitHub\CClip\client\node_modules\ref\node_modules\debug C:\Users\MLF\AppData\Roaming\npm-cache\e461e2e4-e-modules-ref-node-modules-debug.lock
268 silly lockFile 21d47f93-pm-cache-debug-2-1-1-package-tgz tar://C:\Users\MLF\AppData\Roaming\npm-cache\debug\2.1.1\package.tgz
269 verbose lock tar://C:\Users\MLF\AppData\Roaming\npm-cache\debug\2.1.1\package.tgz C:\Users\MLF\AppData\Roaming\npm-cache\21d47f93-pm-cache-debug-2-1-1-package-tgz.lock
270 verbose tar unpack C:\Users\MLF\AppData\Roaming\npm-cache\bindings\1.2.1\package.tgz
271 silly lockFile 9e798c44-odules-ref-node-modules-bindings tar://C:\Users\MLF\Documents\GitHub\CClip\client\node_modules\ref\node_modules\bindings
272 verbose lock tar://C:\Users\MLF\Documents\GitHub\CClip\client\node_modules\ref\node_modules\bindings C:\Users\MLF\AppData\Roaming\npm-cache\9e798c44-odules-ref-node-modules-bindings.lock
273 silly lockFile 5ed5dd1c-cache-bindings-1-2-1-package-tgz tar://C:\Users\MLF\AppData\Roaming\npm-cache\bindings\1.2.1\package.tgz
274 verbose lock tar://C:\Users\MLF\AppData\Roaming\npm-cache\bindings\1.2.1\package.tgz C:\Users\MLF\AppData\Roaming\npm-cache\5ed5dd1c-cache-bindings-1-2-1-package-tgz.lock
275 verbose tar unpack C:\Users\MLF\AppData\Roaming\npm-cache\nan\1.2.0\package.tgz
276 silly lockFile e85ad31f-ode-modules-ref-node-modules-nan tar://C:\Users\MLF\Documents\GitHub\CClip\client\node_modules\ref\node_modules\nan
277 verbose lock tar://C:\Users\MLF\Documents\GitHub\CClip\client\node_modules\ref\node_modules\nan C:\Users\MLF\AppData\Roaming\npm-cache\e85ad31f-ode-modules-ref-node-modules-nan.lock
278 silly lockFile 97c0743c--npm-cache-nan-1-2-0-package-tgz tar://C:\Users\MLF\AppData\Roaming\npm-cache\nan\1.2.0\package.tgz
279 verbose lock tar://C:\Users\MLF\AppData\Roaming\npm-cache\nan\1.2.0\package.tgz C:\Users\MLF\AppData\Roaming\npm-cache\97c0743c--npm-cache-nan-1-2-0-package-tgz.lock
280 silly gunzTarPerm modes [ '777', '666' ]
281 silly gunzTarPerm modes [ '777', '666' ]
282 silly gunzTarPerm modes [ '777', '666' ]
283 silly gunzTarPerm extractEntry package.json
284 silly gunzTarPerm modified mode [ 'package.json', 420, 438 ]
285 silly gunzTarPerm extractEntry package.json
286 silly gunzTarPerm modified mode [ 'package.json', 420, 438 ]
287 silly gunzTarPerm extractEntry package.json
288 silly gunzTarPerm modified mode [ 'package.json', 420, 438 ]
289 silly gunzTarPerm extractEntry .npmignore
290 silly gunzTarPerm modified mode [ '.npmignore', 420, 438 ]
291 silly gunzTarPerm extractEntry browser.js
292 silly gunzTarPerm modified mode [ 'browser.js', 420, 438 ]
293 silly gunzTarPerm extractEntry README.md
294 silly gunzTarPerm modified mode [ 'README.md', 420, 438 ]
295 silly gunzTarPerm extractEntry bindings.js
296 silly gunzTarPerm modified mode [ 'bindings.js', 420, 438 ]
297 silly gunzTarPerm extractEntry README.md
298 silly gunzTarPerm modified mode [ 'README.md', 420, 438 ]
299 silly gunzTarPerm extractEntry LICENSE
300 silly gunzTarPerm modified mode [ 'LICENSE', 420, 438 ]
301 silly gunzTarPerm extractEntry include_dirs.js
302 silly gunzTarPerm modified mode [ 'include_dirs.js', 420, 438 ]
303 silly gunzTarPerm extractEntry .dntrc
304 silly gunzTarPerm modified mode [ '.dntrc', 420, 438 ]
305 silly gunzTarPerm extractEntry build/config.gypi
306 silly gunzTarPerm modified mode [ 'build/config.gypi', 420, 438 ]
307 silly gunzTarPerm extractEntry nan.h
308 silly gunzTarPerm modified mode [ 'nan.h', 420, 438 ]
309 silly gunzTarPerm extractEntry debug.js
310 silly gunzTarPerm modified mode [ 'debug.js', 420, 438 ]
311 silly gunzTarPerm extractEntry node.js
312 silly gunzTarPerm modified mode [ 'node.js', 420, 438 ]
313 silly gunzTarPerm extractEntry .jshintrc
314 silly gunzTarPerm modified mode [ '.jshintrc', 420, 438 ]
315 silly gunzTarPerm extractEntry History.md
316 silly gunzTarPerm modified mode [ 'History.md', 420, 438 ]
317 silly gunzTarPerm extractEntry component.json
318 silly gunzTarPerm modified mode [ 'component.json', 420, 438 ]
319 silly lockFile 9e798c44-odules-ref-node-modules-bindings tar://C:\Users\MLF\Documents\GitHub\CClip\client\node_modules\ref\node_modules\bindings
320 silly lockFile 9e798c44-odules-ref-node-modules-bindings tar://C:\Users\MLF\Documents\GitHub\CClip\client\node_modules\ref\node_modules\bindings
321 silly lockFile 5ed5dd1c-cache-bindings-1-2-1-package-tgz tar://C:\Users\MLF\AppData\Roaming\npm-cache\bindings\1.2.1\package.tgz
322 silly lockFile 5ed5dd1c-cache-bindings-1-2-1-package-tgz tar://C:\Users\MLF\AppData\Roaming\npm-cache\bindings\1.2.1\package.tgz
323 info preinstall bindings@1.2.1
324 verbose readDependencies using package.json deps
325 verbose readDependencies using package.json deps
326 silly resolved []
327 verbose about to build C:\Users\MLF\Documents\GitHub\CClip\client\node_modules\ref\node_modules\bindings
328 info build C:\Users\MLF\Documents\GitHub\CClip\client\node_modules\ref\node_modules\bindings
329 verbose linkStuff [ false,
329 verbose linkStuff   false,
329 verbose linkStuff   false,
329 verbose linkStuff   'C:\\Users\\MLF\\Documents\\GitHub\\CClip\\client\\node_modules\\ref\\node_modules' ]
330 info linkStuff bindings@1.2.1
331 verbose linkBins bindings@1.2.1
332 verbose linkMans bindings@1.2.1
333 verbose rebuildBundles bindings@1.2.1
334 info install bindings@1.2.1
335 info postinstall bindings@1.2.1
336 silly gunzTarPerm extractEntry Makefile
337 silly gunzTarPerm modified mode [ 'Makefile', 420, 438 ]
338 silly gunzTarPerm extractEntry Readme.md
339 silly gunzTarPerm modified mode [ 'Readme.md', 420, 438 ]
340 silly gunzTarPerm extractEntry bower.json
341 silly gunzTarPerm modified mode [ 'bower.json', 420, 438 ]
342 silly lockFile e85ad31f-ode-modules-ref-node-modules-nan tar://C:\Users\MLF\Documents\GitHub\CClip\client\node_modules\ref\node_modules\nan
343 silly lockFile e85ad31f-ode-modules-ref-node-modules-nan tar://C:\Users\MLF\Documents\GitHub\CClip\client\node_modules\ref\node_modules\nan
344 silly lockFile 97c0743c--npm-cache-nan-1-2-0-package-tgz tar://C:\Users\MLF\AppData\Roaming\npm-cache\nan\1.2.0\package.tgz
345 silly lockFile 97c0743c--npm-cache-nan-1-2-0-package-tgz tar://C:\Users\MLF\AppData\Roaming\npm-cache\nan\1.2.0\package.tgz
346 info preinstall nan@1.2.0
347 verbose readDependencies using package.json deps
348 verbose readDependencies using package.json deps
349 silly resolved []
350 verbose about to build C:\Users\MLF\Documents\GitHub\CClip\client\node_modules\ref\node_modules\nan
351 info build C:\Users\MLF\Documents\GitHub\CClip\client\node_modules\ref\node_modules\nan
352 verbose linkStuff [ false,
352 verbose linkStuff   false,
352 verbose linkStuff   false,
352 verbose linkStuff   'C:\\Users\\MLF\\Documents\\GitHub\\CClip\\client\\node_modules\\ref\\node_modules' ]
353 info linkStuff nan@1.2.0
354 verbose linkBins nan@1.2.0
355 verbose linkMans nan@1.2.0
356 verbose rebuildBundles nan@1.2.0
357 info install nan@1.2.0
358 info postinstall nan@1.2.0
359 silly lockFile e461e2e4-e-modules-ref-node-modules-debug tar://C:\Users\MLF\Documents\GitHub\CClip\client\node_modules\ref\node_modules\debug
360 silly lockFile e461e2e4-e-modules-ref-node-modules-debug tar://C:\Users\MLF\Documents\GitHub\CClip\client\node_modules\ref\node_modules\debug
361 silly lockFile 21d47f93-pm-cache-debug-2-1-1-package-tgz tar://C:\Users\MLF\AppData\Roaming\npm-cache\debug\2.1.1\package.tgz
362 silly lockFile 21d47f93-pm-cache-debug-2-1-1-package-tgz tar://C:\Users\MLF\AppData\Roaming\npm-cache\debug\2.1.1\package.tgz
363 info preinstall debug@2.1.1
364 verbose readDependencies using package.json deps
365 verbose readDependencies using package.json deps
366 verbose cache add [ 'ms@0.6.2', null ]
367 verbose cache add name=undefined spec="ms@0.6.2" args=["ms@0.6.2",null]
368 verbose parsed url { protocol: null,
368 verbose parsed url   slashes: null,
368 verbose parsed url   auth: null,
368 verbose parsed url   host: null,
368 verbose parsed url   port: null,
368 verbose parsed url   hostname: null,
368 verbose parsed url   hash: null,
368 verbose parsed url   search: null,
368 verbose parsed url   query: null,
368 verbose parsed url   pathname: 'ms@0.6.2',
368 verbose parsed url   path: 'ms@0.6.2',
368 verbose parsed url   href: 'ms@0.6.2' }
369 verbose cache add name="ms" spec="0.6.2" args=["ms","0.6.2"]
370 verbose parsed url { protocol: null,
370 verbose parsed url   slashes: null,
370 verbose parsed url   auth: null,
370 verbose parsed url   host: null,
370 verbose parsed url   port: null,
370 verbose parsed url   hostname: null,
370 verbose parsed url   hash: null,
370 verbose parsed url   search: null,
370 verbose parsed url   query: null,
370 verbose parsed url   pathname: '0.6.2',
370 verbose parsed url   path: '0.6.2',
370 verbose parsed url   href: '0.6.2' }
371 verbose addNamed [ 'ms', '0.6.2' ]
372 verbose addNamed [ '0.6.2', '0.6.2' ]
373 silly lockFile 549cc243-ms-0-6-2 ms@0.6.2
374 verbose lock ms@0.6.2 C:\Users\MLF\AppData\Roaming\npm-cache\549cc243-ms-0-6-2.lock
375 verbose request where is /ms
376 verbose request registry https://registry.npmjs.org/
377 verbose url raw /ms
378 verbose url resolving [ 'https://registry.npmjs.org/', './ms' ]
379 verbose url resolved https://registry.npmjs.org/ms
380 verbose request where is https://registry.npmjs.org/ms
381 info trying registry request attempt 1 at 03:03:43
382 http GET https://registry.npmjs.org/ms
383 http 200 https://registry.npmjs.org/ms
384 silly registry.get cb [ 200,
384 silly registry.get   { date: 'Sun, 18 Jan 2015 01:03:44 GMT',
384 silly registry.get     server: 'CouchDB/1.5.0 (Erlang OTP/R16B03)',
384 silly registry.get     etag: '"7IHFDJGMJNXX2Y9YI3F2C54AL"',
384 silly registry.get     'content-type': 'application/json',
384 silly registry.get     'cache-control': 'max-age=60',
384 silly registry.get     'content-length': '7571',
384 silly registry.get     'accept-ranges': 'bytes',
384 silly registry.get     via: '1.1 varnish',
384 silly registry.get     age: '0',
384 silly registry.get     'x-served-by': 'cache-lcy1125-LCY',
384 silly registry.get     'x-cache': 'HIT',
384 silly registry.get     'x-cache-hits': '1',
384 silly registry.get     'x-timer': 'S1421543023.776636,VS0,VE618',
384 silly registry.get     vary: 'Accept',
384 silly registry.get     'keep-alive': 'timeout=10, max=50',
384 silly registry.get     connection: 'Keep-Alive' } ]
385 silly lockFile 7bcd2b3d-gistry-npmjs-org-ms-ms-0-6-2-tgz https://registry.npmjs.org/ms/-/ms-0.6.2.tgz
386 verbose lock https://registry.npmjs.org/ms/-/ms-0.6.2.tgz C:\Users\MLF\AppData\Roaming\npm-cache\7bcd2b3d-gistry-npmjs-org-ms-ms-0-6-2-tgz.lock
387 verbose addRemoteTarball [ 'https://registry.npmjs.org/ms/-/ms-0.6.2.tgz',
387 verbose addRemoteTarball   'd89c2124c6fdc1353d65a8b77bf1aac4b193708c' ]
388 info retry fetch attempt 1 at 03:03:43
389 verbose fetch to= C:\Users\MLF\AppData\Local\Temp\npm-1004-XpAFOPQO\registry.npmjs.org\ms\-\ms-0.6.2.tgz
390 http GET https://registry.npmjs.org/ms/-/ms-0.6.2.tgz
391 http 200 https://registry.npmjs.org/ms/-/ms-0.6.2.tgz
392 silly lockFile 7bcd2b3d-gistry-npmjs-org-ms-ms-0-6-2-tgz https://registry.npmjs.org/ms/-/ms-0.6.2.tgz
393 silly lockFile 7bcd2b3d-gistry-npmjs-org-ms-ms-0-6-2-tgz https://registry.npmjs.org/ms/-/ms-0.6.2.tgz
394 silly lockFile 549cc243-ms-0-6-2 ms@0.6.2
395 silly lockFile 549cc243-ms-0-6-2 ms@0.6.2
396 silly resolved [ { name: 'ms',
396 silly resolved     version: '0.6.2',
396 silly resolved     description: 'Tiny ms conversion utility',
396 silly resolved     repository: { type: 'git', url: 'git://github.com/guille/ms.js.git' },
396 silly resolved     main: './index',
396 silly resolved     devDependencies: { mocha: '*', 'expect.js': '*', serve: '*' },
396 silly resolved     component: { scripts: [Object] },
396 silly resolved     bugs: { url: 'https://github.com/guille/ms.js/issues' },
396 silly resolved     _id: 'ms@0.6.2',
396 silly resolved     dist:
396 silly resolved      { shasum: 'd89c2124c6fdc1353d65a8b77bf1aac4b193708c',
396 silly resolved        tarball: 'http://registry.npmjs.org/ms/-/ms-0.6.2.tgz' },
396 silly resolved     _from: 'ms@0.6.2',
396 silly resolved     _npmVersion: '1.2.30',
396 silly resolved     _npmUser: { name: 'rauchg', email: 'rauchg@gmail.com' },
396 silly resolved     maintainers: [ [Object] ],
396 silly resolved     directories: {},
396 silly resolved     _shasum: 'd89c2124c6fdc1353d65a8b77bf1aac4b193708c',
396 silly resolved     _resolved: 'https://registry.npmjs.org/ms/-/ms-0.6.2.tgz' } ]
397 info install ms@0.6.2 into C:\Users\MLF\Documents\GitHub\CClip\client\node_modules\ref\node_modules\debug
398 info installOne ms@0.6.2
399 verbose node_modules\ref\node_modules\debug\node_modules\ms unbuild
400 verbose tar unpack C:\Users\MLF\AppData\Roaming\npm-cache\ms\0.6.2\package.tgz
401 silly lockFile e1c2b6b6-de-modules-debug-node-modules-ms tar://C:\Users\MLF\Documents\GitHub\CClip\client\node_modules\ref\node_modules\debug\node_modules\ms
402 verbose lock tar://C:\Users\MLF\Documents\GitHub\CClip\client\node_modules\ref\node_modules\debug\node_modules\ms C:\Users\MLF\AppData\Roaming\npm-cache\e1c2b6b6-de-modules-debug-node-modules-ms.lock
403 silly lockFile fe8afd96-g-npm-cache-ms-0-6-2-package-tgz tar://C:\Users\MLF\AppData\Roaming\npm-cache\ms\0.6.2\package.tgz
404 verbose lock tar://C:\Users\MLF\AppData\Roaming\npm-cache\ms\0.6.2\package.tgz C:\Users\MLF\AppData\Roaming\npm-cache\fe8afd96-g-npm-cache-ms-0-6-2-package-tgz.lock
405 silly gunzTarPerm modes [ '777', '666' ]
406 silly gunzTarPerm extractEntry package.json
407 silly gunzTarPerm modified mode [ 'package.json', 420, 438 ]
408 silly gunzTarPerm extractEntry .npmignore
409 silly gunzTarPerm modified mode [ '.npmignore', 420, 438 ]
410 silly gunzTarPerm extractEntry README.md
411 silly gunzTarPerm modified mode [ 'README.md', 420, 438 ]
412 silly gunzTarPerm extractEntry index.js
413 silly gunzTarPerm modified mode [ 'index.js', 420, 438 ]
414 silly lockFile e1c2b6b6-de-modules-debug-node-modules-ms tar://C:\Users\MLF\Documents\GitHub\CClip\client\node_modules\ref\node_modules\debug\node_modules\ms
415 silly lockFile e1c2b6b6-de-modules-debug-node-modules-ms tar://C:\Users\MLF\Documents\GitHub\CClip\client\node_modules\ref\node_modules\debug\node_modules\ms
416 silly lockFile fe8afd96-g-npm-cache-ms-0-6-2-package-tgz tar://C:\Users\MLF\AppData\Roaming\npm-cache\ms\0.6.2\package.tgz
417 silly lockFile fe8afd96-g-npm-cache-ms-0-6-2-package-tgz tar://C:\Users\MLF\AppData\Roaming\npm-cache\ms\0.6.2\package.tgz
418 info preinstall ms@0.6.2
419 verbose readDependencies using package.json deps
420 verbose readDependencies using package.json deps
421 silly resolved []
422 verbose about to build C:\Users\MLF\Documents\GitHub\CClip\client\node_modules\ref\node_modules\debug\node_modules\ms
423 info build C:\Users\MLF\Documents\GitHub\CClip\client\node_modules\ref\node_modules\debug\node_modules\ms
424 verbose linkStuff [ false,
424 verbose linkStuff   false,
424 verbose linkStuff   false,
424 verbose linkStuff   'C:\\Users\\MLF\\Documents\\GitHub\\CClip\\client\\node_modules\\ref\\node_modules\\debug\\node_modules' ]
425 info linkStuff ms@0.6.2
426 verbose linkBins ms@0.6.2
427 verbose linkMans ms@0.6.2
428 verbose rebuildBundles ms@0.6.2
429 info install ms@0.6.2
430 info postinstall ms@0.6.2
431 verbose about to build C:\Users\MLF\Documents\GitHub\CClip\client\node_modules\ref\node_modules\debug
432 info build C:\Users\MLF\Documents\GitHub\CClip\client\node_modules\ref\node_modules\debug
433 verbose linkStuff [ false,
433 verbose linkStuff   false,
433 verbose linkStuff   false,
433 verbose linkStuff   'C:\\Users\\MLF\\Documents\\GitHub\\CClip\\client\\node_modules\\ref\\node_modules' ]
434 info linkStuff debug@2.1.1
435 verbose linkBins debug@2.1.1
436 verbose linkMans debug@2.1.1
437 verbose rebuildBundles debug@2.1.1
438 verbose rebuildBundles [ 'ms' ]
439 info install debug@2.1.1
440 info postinstall debug@2.1.1
441 verbose about to build C:\Users\MLF\Documents\GitHub\CClip\client\node_modules\ref
442 info build C:\Users\MLF\Documents\GitHub\CClip\client\node_modules\ref
443 verbose linkStuff [ false,
443 verbose linkStuff   false,
443 verbose linkStuff   false,
443 verbose linkStuff   'C:\\Users\\MLF\\Documents\\GitHub\\CClip\\client\\node_modules' ]
444 info linkStuff ref@0.3.3
445 verbose linkBins ref@0.3.3
446 verbose linkMans ref@0.3.3
447 verbose rebuildBundles ref@0.3.3
448 verbose rebuildBundles [ 'bindings', 'debug', 'nan' ]
449 info install ref@0.3.3
450 verbose unsafe-perm in lifecycle true
451 info ref@0.3.3 Failed to exec install script
452 verbose node_modules\ref unbuild
453 info preuninstall ref@0.3.3
454 info uninstall ref@0.3.3
455 verbose true,C:\Users\MLF\Documents\GitHub\CClip\client\node_modules,C:\Users\MLF\Documents\GitHub\CClip\client\node_modules unbuild ref@0.3.3
456 info postuninstall ref@0.3.3
457 error ref@0.3.3 install: `node-gyp rebuild`
457 error Exit status 1
458 error Failed at the ref@0.3.3 install script.
458 error This is most likely a problem with the ref package,
458 error not with npm itself.
458 error Tell the author that this fails on your system:
458 error     node-gyp rebuild
458 error You can get their info via:
458 error     npm owner ls ref
458 error There is likely additional logging output above.
459 error System Windows_NT 6.2.9200
460 error command "C:\\Program Files\\nodejs\\\\node.exe" "C:\\Program Files\\nodejs\\node_modules\\npm\\bin\\npm-cli.js" "install" "ref"
461 error cwd C:\Users\MLF\Documents\GitHub\CClip\client
462 error node -v v0.10.31
463 error npm -v 1.4.23
464 error code ELIFECYCLE
465 verbose exit [ 1, true ]
